-------------------------------------------------------------------------------
Test set: com.robot.gui.MainApplicationFrameTest
-------------------------------------------------------------------------------
Tests run: 7, Failures: 1, Errors: 0, Skipped: 0, Time elapsed: 1.463 s <<< FAILURE! - in com.robot.gui.MainApplicationFrameTest
testInitialSetup  Time elapsed: 0.213 s  <<< FAILURE!
org.opentest4j.AssertionFailedError: expected: <java.awt.Rectangle[x=50,y=50,width=1180,height=620]> but was: <java.awt.Rectangle[x=50,y=50,width=1180,height=737]>
	at com.robot.gui.MainApplicationFrameTest.testInitialSetup(MainApplicationFrameTest.java:24)

