<?xml version="1.0" encoding="UTF-8"?>
<testsuite xmlns:xsi="http://www.w3.org/2001/XMLSchema-instance" xsi:noNamespaceSchemaLocation="https://maven.apache.org/surefire/maven-surefire-plugin/xsd/surefire-test-report.xsd" name="com.robot.gui.GameVisualizerTest" time="0.36" tests="11" errors="0" skipped="0" failures="0">
  <properties>
[...]
</properties>
  <testcase name="testDistanceCalculation" classname="com.robot.gui.GameVisualizerTest" time="0.271"/>
  <testcase name="testRedrawEvent" classname="com.robot.gui.GameVisualizerTest" time="0.003"/>
  <testcase name="testPaint" classname="com.robot.gui.GameVisualizerTest" time="0.023"/>
  <testcase name="testMouseClicked" classname="com.robot.gui.GameVisualizerTest" time="0.02"/>
  <testcase name="testSetTargetPosition" classname="com.robot.gui.GameVisualizerTest" time="0.003"/>
  <testcase name="testOnModelUpdateEvent" classname="com.robot.gui.GameVisualizerTest" time="0.005"/>
  <testcase name="testInitialSetup" classname="com.robot.gui.GameVisualizerTest" time="0.003"/>
  <testcase name="testAsNormalizedRadians" classname="com.robot.gui.GameVisualizerTest" time="0.002"/>
  <testcase name="testAngleToCalculation" classname="com.robot.gui.GameVisualizerTest" time="0.002"/>
  <testcase name="testApplyLimits" classname="com.robot.gui.GameVisualizerTest" time="0.002"/>
  <testcase name="testMoveRobot" classname="com.robot.gui.GameVisualizerTest" time="0.002"/>
</testsuite>